<?xml version="1.0" encoding="UTF-8"?>
<testng-results skipped="0" failed="1" ignored="0" total="3" passed="2">
  <reporter-output>
    <line>
      <![CDATA[Capturing screenshot]]>
    </line>
    <line>
      <![CDATA[<a target="_blank" href="E:\Wallpapers\wallhaven-16687.jpg">Screenshot</a>]]>
    </line>
    <line>
      <![CDATA[<br>]]>
    </line>
    <line>
      <![CDATA[<a target="_blank" href="E:\Wallpapers\wallhaven-16687.jpg"><img src="E:\Wallpapers\wallhaven-16687.jpg" height=200 width=200></img></a>]]>
    </line>
  </reporter-output>
  <suite name="Data Driven Basic" duration-ms="1528" started-at="2018-05-08T15:06:55Z" finished-at="2018-05-08T15:06:56Z">
    <groups>
    </groups>
    <test name="Add manager test" duration-ms="421" started-at="2018-05-08T15:06:55Z" finished-at="2018-05-08T15:06:55Z">
      <class name="testcases.BankManagerLoginTest">
        <test-method status="FAIL" signature="loginAsBankManager()[pri:0, instance:testcases.BankManagerLoginTest@24aed80c]" name="loginAsBankManager" duration-ms="389" started-at="2018-05-08T15:06:55Z" finished-at="2018-05-08T15:06:55Z">
          <exception class="java.lang.AssertionError">
            <message>
              <![CDATA[Login not successful]]>
            </message>
            <full-stacktrace>
              <![CDATA[java.lang.AssertionError: Login not successful
at org.testng.Assert.fail(Assert.java:96)
at testcases.BankManagerLoginTest.loginAsBankManager(BankManagerLoginTest.java:21)
at sun.reflect.NativeMethodAccessorImpl.invoke0(Native Method)
at sun.reflect.NativeMethodAccessorImpl.invoke(Unknown Source)
at sun.reflect.DelegatingMethodAccessorImpl.invoke(Unknown Source)
at java.lang.reflect.Method.invoke(Unknown Source)
at org.testng.internal.MethodInvocationHelper.invokeMethod(MethodInvocationHelper.java:124)
at org.testng.internal.Invoker.invokeMethod(Invoker.java:580)
at org.testng.internal.Invoker.invokeTestMethod(Invoker.java:716)
at org.testng.internal.Invoker.invokeTestMethods(Invoker.java:988)
at org.testng.internal.TestMethodWorker.invokeTestMethods(TestMethodWorker.java:125)
at org.testng.internal.TestMethodWorker.run(TestMethodWorker.java:109)
at org.testng.TestRunner.privateRun(TestRunner.java:648)
at org.testng.TestRunner.run(TestRunner.java:505)
at org.testng.SuiteRunner.runTest(SuiteRunner.java:455)
at org.testng.SuiteRunner.runSequentially(SuiteRunner.java:450)
at org.testng.SuiteRunner.privateRun(SuiteRunner.java:415)
at org.testng.SuiteRunner.run(SuiteRunner.java:364)
at org.testng.SuiteRunnerWorker.runSuite(SuiteRunnerWorker.java:52)
at org.testng.SuiteRunnerWorker.run(SuiteRunnerWorker.java:84)
at org.testng.TestNG.runSuitesSequentially(TestNG.java:1208)
at org.testng.TestNG.runSuitesLocally(TestNG.java:1137)
at org.testng.TestNG.runSuites(TestNG.java:1049)
at org.testng.TestNG.run(TestNG.java:1017)
at org.testng.remote.AbstractRemoteTestNG.run(AbstractRemoteTestNG.java:114)
at org.testng.remote.RemoteTestNG.initAndRun(RemoteTestNG.java:251)
at org.testng.remote.RemoteTestNG.main(RemoteTestNG.java:77)
]]>
            </full-stacktrace>
          </exception> <!-- java.lang.AssertionError -->
          <reporter-output>
            <line>
              <![CDATA[Capturing screenshot]]>
            </line>
            <line>
              <![CDATA[<a target="_blank" href="E:\Wallpapers\wallhaven-16687.jpg">Screenshot</a>]]>
            </line>
            <line>
              <![CDATA[<br>]]>
            </line>
            <line>
              <![CDATA[<a target="_blank" href="E:\Wallpapers\wallhaven-16687.jpg"><img src="E:\Wallpapers\wallhaven-16687.jpg" height=200 width=200></img></a>]]>
            </line>
          </reporter-output>
        </test-method> <!-- loginAsBankManager -->
      </class> <!-- testcases.BankManagerLoginTest -->
    </test> <!-- Add manager test -->
    <test name="Add customer test" duration-ms="1062" started-at="2018-05-08T15:06:55Z" finished-at="2018-05-08T15:06:56Z">
      <class name="testcases.AddCustomerTest">
        <test-method status="PASS" signature="setUp()[pri:0, instance:testcases.AddCustomerTest@ae13544]" name="setUp" is-config="true" duration-ms="8068" started-at="2018-05-08T15:06:47Z" finished-at="2018-05-08T15:06:55Z">
          <reporter-output>
          </reporter-output>
        </test-method> <!-- setUp -->
        <test-method status="PASS" signature="addCustomer(java.lang.String, java.lang.String, java.lang.String, java.lang.String)[pri:0, instance:testcases.AddCustomerTest@ae13544]" name="addCustomer" duration-ms="703" started-at="2018-05-08T15:06:55Z" data-provider="getData" finished-at="2018-05-08T15:06:56Z">
          <params>
            <param index="0">
              <value>
                <![CDATA[Tai]]>
              </value>
            </param>
            <param index="1">
              <value>
                <![CDATA[Le]]>
              </value>
            </param>
            <param index="2">
              <value>
                <![CDATA[Test1000]]>
              </value>
            </param>
            <param index="3">
              <value>
                <![CDATA[Customer added successfully]]>
              </value>
            </param>
          </params>
          <reporter-output>
          </reporter-output>
        </test-method> <!-- addCustomer -->
        <test-method status="PASS" signature="addCustomer(java.lang.String, java.lang.String, java.lang.String, java.lang.String)[pri:0, instance:testcases.AddCustomerTest@ae13544]" name="addCustomer" duration-ms="348" started-at="2018-05-08T15:06:56Z" data-provider="getData" finished-at="2018-05-08T15:06:56Z">
          <params>
            <param index="0">
              <value>
                <![CDATA[Giang]]>
              </value>
            </param>
            <param index="1">
              <value>
                <![CDATA[Nguyen]]>
              </value>
            </param>
            <param index="2">
              <value>
                <![CDATA[Abcd20]]>
              </value>
            </param>
            <param index="3">
              <value>
                <![CDATA[Customer added successfully]]>
              </value>
            </param>
          </params>
          <reporter-output>
          </reporter-output>
        </test-method> <!-- addCustomer -->
        <test-method status="PASS" signature="tearDown()[pri:0, instance:testcases.AddCustomerTest@ae13544]" name="tearDown" is-config="true" duration-ms="765" started-at="2018-05-08T15:06:56Z" finished-at="2018-05-08T15:06:57Z">
          <reporter-output>
          </reporter-output>
        </test-method> <!-- tearDown -->
      </class> <!-- testcases.AddCustomerTest -->
    </test> <!-- Add customer test -->
  </suite> <!-- Data Driven Basic -->
</testng-results>
